<?xml version="1.0" encoding="UTF-8"?>
<testng-results ignored="0" total="3" passed="3" failed="0" skipped="0">
  <reporter-output>
  </reporter-output>
  <suite started-at="2025-05-03T12:13:20 IST" name="LoginSuite" finished-at="2025-05-03T12:14:12 IST" duration-ms="51894">
    <groups>
    </groups>
    <test started-at="2025-05-03T12:13:20 IST" name="Test" finished-at="2025-05-03T12:14:12 IST" duration-ms="51894">
      <class name="tests.Login">
        <test-method is-config="true" signature="setup()[pri:0, instance:tests.Login@1a482e36]" started-at="2025-05-03T12:13:20 IST" name="setup" finished-at="2025-05-03T12:13:34 IST" duration-ms="13596" status="PASS">
          <reporter-output>
          </reporter-output>
        </test-method> <!-- setup -->
        <test-method signature="testInvalidpassword()[pri:1, instance:tests.Login@1a482e36]" started-at="2025-05-03T12:13:34 IST" name="testInvalidpassword" finished-at="2025-05-03T12:13:35 IST" duration-ms="1321" status="PASS">
          <reporter-output>
          </reporter-output>
        </test-method> <!-- testInvalidpassword -->
        <test-method is-config="true" signature="tearDown()[pri:0, instance:tests.Login@1a482e36]" started-at="2025-05-03T12:13:35 IST" name="tearDown" finished-at="2025-05-03T12:13:38 IST" duration-ms="3227" status="PASS">
          <reporter-output>
          </reporter-output>
        </test-method> <!-- tearDown -->
        <test-method is-config="true" signature="setup()[pri:0, instance:tests.Login@1a482e36]" started-at="2025-05-03T12:13:38 IST" name="setup" finished-at="2025-05-03T12:13:50 IST" duration-ms="11559" status="PASS">
          <reporter-output>
          </reporter-output>
        </test-method> <!-- setup -->
        <test-method signature="testInvalidusername()[pri:2, instance:tests.Login@1a482e36]" started-at="2025-05-03T12:13:50 IST" name="testInvalidusername" finished-at="2025-05-03T12:13:51 IST" duration-ms="1214" status="PASS">
          <reporter-output>
          </reporter-output>
        </test-method> <!-- testInvalidusername -->
        <test-method is-config="true" signature="tearDown()[pri:0, instance:tests.Login@1a482e36]" started-at="2025-05-03T12:13:51 IST" name="tearDown" finished-at="2025-05-03T12:13:54 IST" duration-ms="3155" status="PASS">
          <reporter-output>
          </reporter-output>
        </test-method> <!-- tearDown -->
        <test-method is-config="true" signature="setup()[pri:0, instance:tests.Login@1a482e36]" started-at="2025-05-03T12:13:54 IST" name="setup" finished-at="2025-05-03T12:14:07 IST" duration-ms="12526" status="PASS">
          <reporter-output>
          </reporter-output>
        </test-method> <!-- setup -->
        <test-method signature="testValidLogin()[pri:3, instance:tests.Login@1a482e36]" started-at="2025-05-03T12:14:07 IST" name="testValidLogin" finished-at="2025-05-03T12:14:12 IST" duration-ms="5053" status="PASS">
          <reporter-output>
          </reporter-output>
        </test-method> <!-- testValidLogin -->
        <test-method is-config="true" signature="tearDown()[pri:0, instance:tests.Login@1a482e36]" started-at="2025-05-03T12:14:12 IST" name="tearDown" finished-at="2025-05-03T12:14:12 IST" duration-ms="2" status="PASS">
          <reporter-output>
          </reporter-output>
        </test-method> <!-- tearDown -->
      </class> <!-- tests.Login -->
    </test> <!-- Test -->
  </suite> <!-- LoginSuite -->
</testng-results>
