<?xml version="1.0" encoding="UTF-8"?>
<!-- Generated by org.testng.reporters.JUnitReportReporter -->
<testsuite hostname="DESKTOP-HHIM7D1" failures="0" tests="3" name="tests.Login" time="51.653" errors="0" timestamp="2025-05-03T12:14:12 IST" skipped="0">
  <testcase classname="tests.Login" name="testInvalidpassword" time="18.072"/>
  <testcase classname="tests.Login" name="testInvalidusername" time="13.742"/>
  <testcase classname="tests.Login" name="testValidLogin" time="19.839"/>
</testsuite> <!-- tests.Login -->
