<?xml version="1.0" encoding="UTF-8"?>
<!-- Generated by org.testng.reporters.JUnitXMLReporter -->
<testsuite ignored="0" hostname="DESKTOP-HHIM7D1" failures="0" tests="3" name="Test" time="51.894" errors="0" timestamp="2025-05-03T12:14:12 IST">
  <testcase classname="tests.Login" name="testInvalidpassword" time="1.321"/>
  <testcase classname="tests.Login" name="testInvalidusername" time="1.214"/>
  <testcase classname="tests.Login" name="testValidLogin" time="5.053"/>
</testsuite> <!-- Test -->
